2014-06-13 13:18:21.099 Robinson May Ball[46522:70b] Multi-tasking -> Device: YES, App: YES
2014-06-13 13:18:21.107 Robinson May Ball[46522:70b] Unlimited access to network resources
2014-06-13 13:18:21.110 Robinson May Ball[46522:70b] 

Started backup to iCloud! Please be careful.
Your application might rejected by Apple if you store too much data.
For more information please read "iOS Data Storage Guidelines"
You could find it at the following address https://developer.apple.com/icloud/documentation/data-storage/ .

2014-06-13 13:18:21.176 Robinson May Ball[46522:70b] Resetting plugins due to page load.
2014-06-13 13:18:21.219 Robinson May Ball[46522:70b] Finished load of: file:///Users/danielchatfield/Library/Application%20Support/iPhone%20Simulator/7.1/Applications/3AE82FC5-FDEA-42F5-93C9-C97774349DC9/Robinson%20May%20Ball.app/www/index.html
2014-06-13 13:18:51.162 Robinson May Ball[46591:70b] Multi-tasking -> Device: YES, App: YES
2014-06-13 13:18:51.168 Robinson May Ball[46591:70b] Unlimited access to network resources
2014-06-13 13:18:51.170 Robinson May Ball[46591:70b] 

Started backup to iCloud! Please be careful.
Your application might rejected by Apple if you store too much data.
For more information please read "iOS Data Storage Guidelines"
You could find it at the following address https://developer.apple.com/icloud/documentation/data-storage/ .

2014-06-13 13:18:51.251 Robinson May Ball[46591:70b] Resetting plugins due to page load.
2014-06-13 13:18:51.293 Robinson May Ball[46591:70b] Finished load of: file:///Users/danielchatfield/Library/Application%20Support/iPhone%20Simulator/7.1/Applications/3AE82FC5-FDEA-42F5-93C9-C97774349DC9/Robinson%20May%20Ball.app/www/index.html
2014-06-13 13:19:09.809 Robinson May Ball[46660:70b] Multi-tasking -> Device: YES, App: YES
2014-06-13 13:19:09.815 Robinson May Ball[46660:70b] Unlimited access to network resources
2014-06-13 13:19:09.818 Robinson May Ball[46660:70b] 

Started backup to iCloud! Please be careful.
Your application might rejected by Apple if you store too much data.
For more information please read "iOS Data Storage Guidelines"
You could find it at the following address https://developer.apple.com/icloud/documentation/data-storage/ .

2014-06-13 13:19:09.866 Robinson May Ball[46660:70b] Resetting plugins due to page load.
2014-06-13 13:19:14.979 Robinson May Ball[46660:70b] Finished load of: file:///Users/danielchatfield/Library/Application%20Support/iPhone%20Simulator/7.1/Applications/3AE82FC5-FDEA-42F5-93C9-C97774349DC9/Robinson%20May%20Ball.app/www/index.html
2014-06-13 13:21:58.588 Robinson May Ball[46740:70b] Multi-tasking -> Device: YES, App: YES
2014-06-13 13:21:58.594 Robinson May Ball[46740:70b] Unlimited access to network resources
2014-06-13 13:21:58.597 Robinson May Ball[46740:70b] 

Started backup to iCloud! Please be careful.
Your application might rejected by Apple if you store too much data.
For more information please read "iOS Data Storage Guidelines"
You could find it at the following address https://developer.apple.com/icloud/documentation/data-storage/ .

2014-06-13 13:21:58.642 Robinson May Ball[46740:70b] Resetting plugins due to page load.
2014-06-13 13:21:58.677 Robinson May Ball[46740:70b] Finished load of: file:///Users/danielchatfield/Library/Application%20Support/iPhone%20Simulator/7.1/Applications/3AE82FC5-FDEA-42F5-93C9-C97774349DC9/Robinson%20May%20Ball.app/www/index.html
2014-06-13 13:22:17.577 Robinson May Ball[46810:70b] Multi-tasking -> Device: YES, App: YES
2014-06-13 13:22:17.582 Robinson May Ball[46810:70b] Unlimited access to network resources
2014-06-13 13:22:17.585 Robinson May Ball[46810:70b] 

Started backup to iCloud! Please be careful.
Your application might rejected by Apple if you store too much data.
For more information please read "iOS Data Storage Guidelines"
You could find it at the following address https://developer.apple.com/icloud/documentation/data-storage/ .

2014-06-13 13:22:17.630 Robinson May Ball[46810:70b] Resetting plugins due to page load.
2014-06-13 13:22:17.665 Robinson May Ball[46810:70b] Finished load of: file:///Users/danielchatfield/Library/Application%20Support/iPhone%20Simulator/7.1/Applications/3AE82FC5-FDEA-42F5-93C9-C97774349DC9/Robinson%20May%20Ball.app/www/index.html
2014-06-13 13:22:58.569 Robinson May Ball[46879:70b] Multi-tasking -> Device: YES, App: YES
2014-06-13 13:22:58.575 Robinson May Ball[46879:70b] Unlimited access to network resources
2014-06-13 13:22:58.578 Robinson May Ball[46879:70b] 

Started backup to iCloud! Please be careful.
Your application might rejected by Apple if you store too much data.
For more information please read "iOS Data Storage Guidelines"
You could find it at the following address https://developer.apple.com/icloud/documentation/data-storage/ .

2014-06-13 13:22:58.656 Robinson May Ball[46879:70b] Resetting plugins due to page load.
2014-06-13 13:22:58.696 Robinson May Ball[46879:70b] Finished load of: file:///Users/danielchatfield/Library/Application%20Support/iPhone%20Simulator/7.1/Applications/3AE82FC5-FDEA-42F5-93C9-C97774349DC9/Robinson%20May%20Ball.app/www/index.html
2014-06-13 13:23:34.408 Robinson May Ball[46948:70b] Multi-tasking -> Device: YES, App: YES
2014-06-13 13:23:34.414 Robinson May Ball[46948:70b] Unlimited access to network resources
2014-06-13 13:23:34.417 Robinson May Ball[46948:70b] 

Started backup to iCloud! Please be careful.
Your application might rejected by Apple if you store too much data.
For more information please read "iOS Data Storage Guidelines"
You could find it at the following address https://developer.apple.com/icloud/documentation/data-storage/ .

2014-06-13 13:23:34.471 Robinson May Ball[46948:70b] Resetting plugins due to page load.
2014-06-13 13:23:34.507 Robinson May Ball[46948:70b] Finished load of: file:///Users/danielchatfield/Library/Application%20Support/iPhone%20Simulator/7.1/Applications/3AE82FC5-FDEA-42F5-93C9-C97774349DC9/Robinson%20May%20Ball.app/www/index.html
2014-06-13 13:25:08.824 Robinson May Ball[47022:70b] Multi-tasking -> Device: YES, App: YES
2014-06-13 13:25:08.830 Robinson May Ball[47022:70b] Unlimited access to network resources
2014-06-13 13:25:08.834 Robinson May Ball[47022:70b] 

Started backup to iCloud! Please be careful.
Your application might rejected by Apple if you store too much data.
For more information please read "iOS Data Storage Guidelines"
You could find it at the following address https://developer.apple.com/icloud/documentation/data-storage/ .

2014-06-13 13:25:08.881 Robinson May Ball[47022:70b] Resetting plugins due to page load.
2014-06-13 13:25:08.916 Robinson May Ball[47022:70b] Finished load of: file:///Users/danielchatfield/Library/Application%20Support/iPhone%20Simulator/7.1/Applications/3AE82FC5-FDEA-42F5-93C9-C97774349DC9/Robinson%20May%20Ball.app/www/index.html
2014-06-13 13:25:43.416 Robinson May Ball[47092:70b] Multi-tasking -> Device: YES, App: YES
2014-06-13 13:25:43.422 Robinson May Ball[47092:70b] Unlimited access to network resources
2014-06-13 13:25:43.424 Robinson May Ball[47092:70b] 

Started backup to iCloud! Please be careful.
Your application might rejected by Apple if you store too much data.
For more information please read "iOS Data Storage Guidelines"
You could find it at the following address https://developer.apple.com/icloud/documentation/data-storage/ .

2014-06-13 13:25:43.470 Robinson May Ball[47092:70b] Resetting plugins due to page load.
2014-06-13 13:25:43.505 Robinson May Ball[47092:70b] Finished load of: file:///Users/danielchatfield/Library/Application%20Support/iPhone%20Simulator/7.1/Applications/3AE82FC5-FDEA-42F5-93C9-C97774349DC9/Robinson%20May%20Ball.app/www/index.html
2014-06-13 13:27:13.516 Robinson May Ball[47165:70b] Multi-tasking -> Device: YES, App: YES
2014-06-13 13:27:13.523 Robinson May Ball[47165:70b] Unlimited access to network resources
2014-06-13 13:27:13.525 Robinson May Ball[47165:70b] 

Started backup to iCloud! Please be careful.
Your application might rejected by Apple if you store too much data.
For more information please read "iOS Data Storage Guidelines"
You could find it at the following address https://developer.apple.com/icloud/documentation/data-storage/ .

2014-06-13 13:27:13.571 Robinson May Ball[47165:70b] Resetting plugins due to page load.
2014-06-13 13:27:13.606 Robinson May Ball[47165:70b] Finished load of: file:///Users/danielchatfield/Library/Application%20Support/iPhone%20Simulator/7.1/Applications/3AE82FC5-FDEA-42F5-93C9-C97774349DC9/Robinson%20May%20Ball.app/www/index.html
2014-06-13 13:28:48.721 Robinson May Ball[47237:70b] Multi-tasking -> Device: YES, App: YES
2014-06-13 13:28:48.728 Robinson May Ball[47237:70b] Unlimited access to network resources
2014-06-13 13:28:48.731 Robinson May Ball[47237:70b] 

Started backup to iCloud! Please be careful.
Your application might rejected by Apple if you store too much data.
For more information please read "iOS Data Storage Guidelines"
You could find it at the following address https://developer.apple.com/icloud/documentation/data-storage/ .

2014-06-13 13:28:48.778 Robinson May Ball[47237:70b] Resetting plugins due to page load.
2014-06-13 13:28:48.813 Robinson May Ball[47237:70b] Finished load of: file:///Users/danielchatfield/Library/Application%20Support/iPhone%20Simulator/7.1/Applications/3AE82FC5-FDEA-42F5-93C9-C97774349DC9/Robinson%20May%20Ball.app/www/index.html
2014-06-13 13:29:08.738 Robinson May Ball[47308:70b] Multi-tasking -> Device: YES, App: YES
2014-06-13 13:29:08.745 Robinson May Ball[47308:70b] Unlimited access to network resources
2014-06-13 13:29:08.748 Robinson May Ball[47308:70b] 

Started backup to iCloud! Please be careful.
Your application might rejected by Apple if you store too much data.
For more information please read "iOS Data Storage Guidelines"
You could find it at the following address https://developer.apple.com/icloud/documentation/data-storage/ .

2014-06-13 13:29:08.793 Robinson May Ball[47308:70b] Resetting plugins due to page load.
2014-06-13 13:29:08.828 Robinson May Ball[47308:70b] Finished load of: file:///Users/danielchatfield/Library/Application%20Support/iPhone%20Simulator/7.1/Applications/3AE82FC5-FDEA-42F5-93C9-C97774349DC9/Robinson%20May%20Ball.app/www/index.html
2014-06-13 13:29:20.140 Robinson May Ball[47308:3f03] void SendDelegateMessage(NSInvocation *): delegate (webView:runJavaScriptAlertPanelWithMessage:initiatedByFrame:) failed to return after waiting 10 seconds. main run loop mode: kCFRunLoopDefaultMode
2014-06-13 13:29:42.410 Robinson May Ball[47377:70b] Multi-tasking -> Device: YES, App: YES
2014-06-13 13:29:42.416 Robinson May Ball[47377:70b] Unlimited access to network resources
2014-06-13 13:29:42.420 Robinson May Ball[47377:70b] 

Started backup to iCloud! Please be careful.
Your application might rejected by Apple if you store too much data.
For more information please read "iOS Data Storage Guidelines"
You could find it at the following address https://developer.apple.com/icloud/documentation/data-storage/ .

2014-06-13 13:29:42.466 Robinson May Ball[47377:70b] Resetting plugins due to page load.
2014-06-13 13:29:42.513 Robinson May Ball[47377:70b] Finished load of: file:///Users/danielchatfield/Library/Application%20Support/iPhone%20Simulator/7.1/Applications/3AE82FC5-FDEA-42F5-93C9-C97774349DC9/Robinson%20May%20Ball.app/www/index.html
2014-06-13 13:30:20.005 Robinson May Ball[47447:70b] Multi-tasking -> Device: YES, App: YES
2014-06-13 13:30:20.011 Robinson May Ball[47447:70b] Unlimited access to network resources
2014-06-13 13:30:20.014 Robinson May Ball[47447:70b] 

Started backup to iCloud! Please be careful.
Your application might rejected by Apple if you store too much data.
For more information please read "iOS Data Storage Guidelines"
You could find it at the following address https://developer.apple.com/icloud/documentation/data-storage/ .

2014-06-13 13:30:20.097 Robinson May Ball[47447:70b] Resetting plugins due to page load.
2014-06-13 13:30:20.139 Robinson May Ball[47447:70b] Finished load of: file:///Users/danielchatfield/Library/Application%20Support/iPhone%20Simulator/7.1/Applications/3AE82FC5-FDEA-42F5-93C9-C97774349DC9/Robinson%20May%20Ball.app/www/index.html
2014-06-13 13:30:47.934 Robinson May Ball[47516:70b] Multi-tasking -> Device: YES, App: YES
2014-06-13 13:30:47.941 Robinson May Ball[47516:70b] Unlimited access to network resources
2014-06-13 13:30:47.944 Robinson May Ball[47516:70b] 

Started backup to iCloud! Please be careful.
Your application might rejected by Apple if you store too much data.
For more information please read "iOS Data Storage Guidelines"
You could find it at the following address https://developer.apple.com/icloud/documentation/data-storage/ .

2014-06-13 13:30:48.038 Robinson May Ball[47516:70b] Resetting plugins due to page load.
2014-06-13 13:30:48.079 Robinson May Ball[47516:70b] Finished load of: file:///Users/danielchatfield/Library/Application%20Support/iPhone%20Simulator/7.1/Applications/3AE82FC5-FDEA-42F5-93C9-C97774349DC9/Robinson%20May%20Ball.app/www/index.html
